------------------------------------------------------------------------------------------------------------------------

[2012-10-23 15:32:40 #1 store] 
Database '/Users/djabry/NetBeansProjects/MavenProjects/SolarScape/application/Users/djabry/NetBeansProjects/MavenProjects/SolarScape/application/target/solarscape/extra/modules/db/DJDB.odb' is opened by 3320@dyn1206-202.wlan.ic.ac.uk

[2012-10-23 15:32:42 #2 type] 
Type org.dj.db.api.DBObjectAbstr is not enhanced.

[2012-10-23 15:33:36 #3 type] 
Type org.dj.solarscape.data.SolarPlantImpl is not enhanced.

------------------------------------------------------------------------------------------------------------------------

[2012-10-23 15:38:28 #1 store] 
Database '/Users/djabry/NetBeansProjects/MavenProjects/SolarScape/application/Users/djabry/NetBeansProjects/MavenProjects/SolarScape/application/target/solarscape/extra/modules/db/DJDB.odb' has been recovered (tr. 1-10)

[2012-10-23 15:38:29 #2 store] 
Database '/Users/djabry/NetBeansProjects/MavenProjects/SolarScape/application/Users/djabry/NetBeansProjects/MavenProjects/SolarScape/application/target/solarscape/extra/modules/db/DJDB.odb' is opened by 3513@dyn1206-202.wlan.ic.ac.uk

[2012-10-23 15:38:29 #3 type] 
Type org.dj.db.api.DBObjectAbstr is not enhanced.

[2012-10-23 15:38:30 #4 type] 
Type org.dj.solarscape.data.SolarPlantImpl is not enhanced.

------------------------------------------------------------------------------------------------------------------------

[2012-10-23 15:40:52 #1 store] 
Database '/Users/djabry/NetBeansProjects/MavenProjects/SolarScape/application/Users/djabry/NetBeansProjects/MavenProjects/SolarScape/application/target/solarscape/extra/modules/db/DJDB.odb' has been recovered (tr. 11-11)

[2012-10-23 15:40:52 #2 store] 
Database '/Users/djabry/NetBeansProjects/MavenProjects/SolarScape/application/Users/djabry/NetBeansProjects/MavenProjects/SolarScape/application/target/solarscape/extra/modules/db/DJDB.odb' is opened by 3688@dyn1206-202.wlan.ic.ac.uk

[2012-10-23 15:40:53 #3 type] 
Type org.dj.db.api.DBObjectAbstr is not enhanced.

[2012-10-23 15:40:53 #4 type] 
Type org.dj.solarscape.data.SolarPlantImpl is not enhanced.

------------------------------------------------------------------------------------------------------------------------

[2012-10-23 15:52:53 #1 store] 
Database '/Users/djabry/NetBeansProjects/MavenProjects/SolarScape/application/Users/djabry/NetBeansProjects/MavenProjects/SolarScape/application/target/solarscape/extra/modules/db/DJDB.odb' has been recovered (tr. 12-12)

[2012-10-23 15:52:53 #2 store] 
Database '/Users/djabry/NetBeansProjects/MavenProjects/SolarScape/application/Users/djabry/NetBeansProjects/MavenProjects/SolarScape/application/target/solarscape/extra/modules/db/DJDB.odb' is opened by 3901@dyn1206-202.wlan.ic.ac.uk

[2012-10-23 15:52:54 #3 type] 
Type org.dj.db.api.DBObjectAbstr is not enhanced.

[2012-10-23 15:52:54 #4 type] 
Type org.dj.solarscape.data.SolarPlantImpl is not enhanced.

