-------------------------------------------------------------------------------
>Log Session: Tuesday, October 23, 2012 3:52:42 PM BST
>System Info: 
  Product Version         = SolarScape 201207171143
  Operating System        = Mac OS X version 10.7.5 running on x86_64
  Java; VM; Vendor        = 1.6.0_37; Java HotSpot(TM) 64-Bit Server VM 20.12-b01-434; Apple Inc.
  Runtime                 = Java(TM) SE Runtime Environment 1.6.0_37-b06-434-11M3909
  Java Home               = /System/Library/Java/JavaVirtualMachines/1.6.0.jdk/Contents/Home
  System Locale; Encoding = en_US (solarscape); MacRoman
  Home Directory          = /Users/djabry
  Current Directory       = /Users/djabry/NetBeansProjects/MavenProjects/SolarScape/application
  User Directory          = /Users/djabry/NetBeansProjects/MavenProjects/SolarScape/application/target/userdir
  Cache Directory         = /Users/djabry/NetBeansProjects/MavenProjects/SolarScape/application/target/userdir/var/cache
  Installation            = /Users/djabry/NetBeansProjects/MavenProjects/SolarScape/application/target/solarscape/bin
                            /Users/djabry/NetBeansProjects/MavenProjects/SolarScape/application/target/solarscape/djmodel
                            /Users/djabry/NetBeansProjects/MavenProjects/SolarScape/application/target/solarscape/etc
                            /Users/djabry/NetBeansProjects/MavenProjects/SolarScape/application/target/solarscape/extra
                            /Users/djabry/NetBeansProjects/MavenProjects/SolarScape/application/target/solarscape/ide
                            /Users/djabry/NetBeansProjects/MavenProjects/SolarScape/application/target/solarscape/platform
                            /Users/djabry/NetBeansProjects/MavenProjects/SolarScape/application/target/solarscape/solarscape
                            /Users/djabry/NetBeansProjects/MavenProjects/SolarScape/application/target/solarscape/worldwind
                            /Users/djabry/NetBeansProjects/MavenProjects/SolarScape/application/target/solarscape/worldwindmodel
                            /Users/djabry/NetBeansProjects/MavenProjects/SolarScape/application/target/solarscape/platform
  Boot & Ext. Classpath   = /System/Library/Java/JavaVirtualMachines/1.6.0.jdk/Contents/Classes/jsfd.jar:/System/Library/Java/JavaVirtualMachines/1.6.0.jdk/Contents/Classes/classes.jar:/System/Library/Frameworks/JavaVM.framework/Frameworks/JavaRuntimeSupport.framework/Resources/Java/JavaRuntimeSupport.jar:/System/Library/Java/JavaVirtualMachines/1.6.0.jdk/Contents/Classes/ui.jar:/System/Library/Java/JavaVirtualMachines/1.6.0.jdk/Contents/Classes/laf.jar:/System/Library/Java/JavaVirtualMachines/1.6.0.jdk/Contents/Classes/sunrsasign.jar:/System/Library/Java/JavaVirtualMachines/1.6.0.jdk/Contents/Classes/jsse.jar:/System/Library/Java/JavaVirtualMachines/1.6.0.jdk/Contents/Classes/jce.jar:/System/Library/Java/JavaVirtualMachines/1.6.0.jdk/Contents/Classes/charsets.jar:/System/Library/Java/Extensions/AppleScriptEngine.jar:/System/Library/Java/Extensions/dns_sd.jar:/System/Library/Java/Extensions/j3daudio.jar:/System/Library/Java/Extensions/j3dcore.jar:/System/Library/Java/Extensions/j3dutils.jar:/System/Library/Java/Extensions/jai_codec.jar:/System/Library/Java/Extensions/jai_core.jar:/System/Library/Java/Extensions/mlibwrapper_jai.jar:/System/Library/Java/Extensions/MRJToolkit.jar:/System/Library/Java/Extensions/QTJava.zip:/System/Library/Java/Extensions/vecmath.jar:/System/Library/Java/JavaVirtualMachines/1.6.0.jdk/Contents/Home/lib/ext/apple_provider.jar:/System/Library/Java/JavaVirtualMachines/1.6.0.jdk/Contents/Home/lib/ext/dnsns.jar:/System/Library/Java/JavaVirtualMachines/1.6.0.jdk/Contents/Home/lib/ext/localedata.jar:/System/Library/Java/JavaVirtualMachines/1.6.0.jdk/Contents/Home/lib/ext/sunjce_provider.jar:/System/Library/Java/JavaVirtualMachines/1.6.0.jdk/Contents/Home/lib/ext/sunpkcs11.jar
  Application Classpath   = /Users/djabry/NetBeansProjects/MavenProjects/SolarScape/application/target/solarscape/platform/lib/boot.jar:/Users/djabry/NetBeansProjects/MavenProjects/SolarScape/application/target/solarscape/platform/lib/org-openide-modules.jar:/Users/djabry/NetBeansProjects/MavenProjects/SolarScape/application/target/solarscape/platform/lib/org-openide-util-lookup.jar:/Users/djabry/NetBeansProjects/MavenProjects/SolarScape/application/target/solarscape/platform/lib/org-openide-util.jar:/Users/djabry/NetBeansProjects/MavenProjects/SolarScape/application/target/solarscape/platform/lib/locale/boot_ja.jar:/Users/djabry/NetBeansProjects/MavenProjects/SolarScape/application/target/solarscape/platform/lib/locale/boot_pt_BR.jar:/Users/djabry/NetBeansProjects/MavenProjects/SolarScape/application/target/solarscape/platform/lib/locale/boot_ru.jar:/Users/djabry/NetBeansProjects/MavenProjects/SolarScape/application/target/solarscape/platform/lib/locale/boot_zh_CN.jar:/Users/djabry/NetBeansProjects/MavenProjects/SolarScape/application/target/solarscape/platform/lib/locale/org-openide-modules_ja.jar:/Users/djabry/NetBeansProjects/MavenProjects/SolarScape/application/target/solarscape/platform/lib/locale/org-openide-modules_pt_BR.jar:/Users/djabry/NetBeansProjects/MavenProjects/SolarScape/application/target/solarscape/platform/lib/locale/org-openide-modules_ru.jar:/Users/djabry/NetBeansProjects/MavenProjects/SolarScape/application/target/solarscape/platform/lib/locale/org-openide-modules_zh_CN.jar:/Users/djabry/NetBeansProjects/MavenProjects/SolarScape/application/target/solarscape/platform/lib/locale/org-openide-util-lookup_ja.jar:/Users/djabry/NetBeansProjects/MavenProjects/SolarScape/application/target/solarscape/platform/lib/locale/org-openide-util-lookup_pt_BR.jar:/Users/djabry/NetBeansProjects/MavenProjects/SolarScape/application/target/solarscape/platform/lib/locale/org-openide-util-lookup_ru.jar:/Users/djabry/NetBeansProjects/MavenProjects/SolarScape/application/target/solarscape/platform/lib/locale/org-openide-util-lookup_zh_CN.jar:/Users/djabry/NetBeansProjects/MavenProjects/SolarScape/application/target/solarscape/platform/lib/locale/org-openide-util_ja.jar:/Users/djabry/NetBeansProjects/MavenProjects/SolarScape/application/target/solarscape/platform/lib/locale/org-openide-util_pt_BR.jar:/Users/djabry/NetBeansProjects/MavenProjects/SolarScape/application/target/solarscape/platform/lib/locale/org-openide-util_ru.jar:/Users/djabry/NetBeansProjects/MavenProjects/SolarScape/application/target/solarscape/platform/lib/locale/org-openide-util_zh_CN.jar:/System/Library/Java/JavaVirtualMachines/1.6.0.jdk/Contents/Home/lib/dt.jar
  Startup Classpath       = /Users/djabry/NetBeansProjects/MavenProjects/SolarScape/application/target/solarscape/platform/core/core.jar:/Users/djabry/NetBeansProjects/MavenProjects/SolarScape/application/target/solarscape/platform/core/org-openide-filesystems.jar:/Users/djabry/NetBeansProjects/MavenProjects/SolarScape/application/target/solarscape/platform/core/locale/core_ja.jar:/Users/djabry/NetBeansProjects/MavenProjects/SolarScape/application/target/solarscape/platform/core/locale/core_pt_BR.jar:/Users/djabry/NetBeansProjects/MavenProjects/SolarScape/application/target/solarscape/platform/core/locale/core_ru.jar:/Users/djabry/NetBeansProjects/MavenProjects/SolarScape/application/target/solarscape/platform/core/locale/core_zh_CN.jar:/Users/djabry/NetBeansProjects/MavenProjects/SolarScape/application/target/solarscape/platform/core/locale/org-openide-filesystems_ja.jar:/Users/djabry/NetBeansProjects/MavenProjects/SolarScape/application/target/solarscape/platform/core/locale/org-openide-filesystems_pt_BR.jar:/Users/djabry/NetBeansProjects/MavenProjects/SolarScape/application/target/solarscape/platform/core/locale/org-openide-filesystems_ru.jar:/Users/djabry/NetBeansProjects/MavenProjects/SolarScape/application/target/solarscape/platform/core/locale/org-openide-filesystems_zh_CN.jar:/Users/djabry/NetBeansProjects/MavenProjects/SolarScape/application/target/solarscape/bin/../solarscape/core/locale/core_solarscape.jar
-------------------------------------------------------------------------------
WARNING [org.netbeans.core.modules]: had to upgrade dependencies for module org.dj.PropertySheetGenerator: added = [module org.openide.awt] removed = []; details: [SaveCookie extends Savable. To compile you need to include openide.awt on classpath.]
WARNING [org.netbeans.core.projects.cache]: Inefficient to include an empty layer in a module: jar:file:/Users/djabry/NetBeansProjects/MavenProjects/SolarScape/application/target/solarscape/djmodel/modules/org-dj-Filter.jar!/org/dj/filter/layer.xml
WARNING [org.netbeans.core.projects.cache]: Inefficient to include an empty layer in a module: jar:file:/Users/djabry/NetBeansProjects/MavenProjects/SolarScape/application/target/solarscape/djmodel/modules/org-dj-IDGenerator.jar!/org/dj/idgenerator/layer.xml
WARNING [org.netbeans.core.projects.cache]: Inefficient to include an empty layer in a module: jar:file:/Users/djabry/NetBeansProjects/MavenProjects/SolarScape/application/target/solarscape/djmodel/modules/org-dj-Parameter.jar!/org/dj/parameter/layer.xml
WARNING [org.netbeans.core.projects.cache]: Inefficient to include an empty layer in a module: jar:file:/Users/djabry/NetBeansProjects/MavenProjects/SolarScape/application/target/solarscape/djmodel/modules/org-dj-Property.jar!/org/dj/property/layer.xml
WARNING [org.netbeans.core.projects.cache]: Inefficient to include an empty layer in a module: jar:file:/Users/djabry/NetBeansProjects/MavenProjects/SolarScape/application/target/solarscape/djmodel/modules/org-dj-DomainModel.jar!/org/dj/domainmodel/layer.xml
WARNING [org.netbeans.core.projects.cache]: Inefficient to include an empty layer in a module: jar:file:/Users/djabry/NetBeansProjects/MavenProjects/SolarScape/application/target/solarscape/djmodel/modules/org-dj-Icon.jar!/org/dj/icon/layer.xml
WARNING [org.netbeans.core.projects.cache]: Inefficient to include an empty layer in a module: jar:file:/Users/djabry/NetBeansProjects/MavenProjects/SolarScape/application/target/solarscape/djmodel/modules/org-dj-PropertySheetGenerator.jar!/org/dj/propertysheetgenerator/layer.xml
WARNING [org.netbeans.core.projects.cache]: Inefficient to include an empty layer in a module: jar:file:/Users/djabry/NetBeansProjects/MavenProjects/SolarScape/application/target/solarscape/djmodel/modules/org-dj-Node.jar!/org/dj/node/layer.xml
WARNING [org.netbeans.core.projects.cache]: Inefficient to include an empty layer in a module: jar:file:/Users/djabry/NetBeansProjects/MavenProjects/SolarScape/application/target/solarscape/djmodel/modules/org-dj-Explorer.jar!/org/dj/explorer/layer.xml
WARNING [org.netbeans.modules.autoupdate.ui.actions.AutoupdateSettings]: The property "netbeans.default_userdir_root" was not set!
INFO [org.netbeans.core.startup.NbEvents]: Turning on modules:
	org.openide.util.lookup [8.15.1 201207171143]
	org.openide.util [8.25.1 201207171143]
	org.openide.modules [7.32.1 201207171143]
	org.openide.filesystems [7.62.1 201207171143]
	org.netbeans.api.annotations.common/1 [1.14.1 201207171143]
	org.openide.awt [7.46.1 201207171143]
	org.netbeans.api.progress/1 [1.28.1 201207171143]
	org.openide.dialogs [7.25.1 201207171143]
	org.openide.nodes [7.28.1 201207171143]
	org.openide.windows [6.55.1 201207171143]
	org.netbeans.modules.editor.mimelookup/1 [1.26.1 201207171143]
	org.openide.text [6.49.1 201207171143]
	org.netbeans.swing.tabcontrol [1.36.1 201207171143]
	org.netbeans.swing.outline [1.20.1 201207171143]
	org.openide.explorer [6.45.1 201207171143]
	org.openide.actions [6.26.1 201207171143]
	org.netbeans.modules.queries/1 [1.28.1 201207171143]
	org.openide.loaders [7.37.1 201207171143]
	org.openide.io [1.31.1 201207171143]
	org.netbeans.swing.plaf [1.25.1 201207171143]
	org.netbeans.spi.quicksearch [1.14.1 201207171143]
	org.netbeans.bootstrap/1 [2.52.1 201207171143]
	org.netbeans.core.startup/1 [1.40.1 201207171143]
	org.netbeans.modules.settings/1 [1.35.1 201207171143]
	org.netbeans.modules.schema2beans/1 [1.33.1 201207171143]
	org.netbeans.modules.sampler [1.1.1 201207171143]
	org.netbeans.modules.progress.ui [1.20.1 201207171143]
	org.netbeans.modules.print [7.13.1 201207171143]
	org.netbeans.modules.keyring [1.11.1 201207171143]
	org.netbeans.core/2 [3.33.1 201207171143]
	org.netbeans.modules.options.api/1 [1.26.1 201207171143]
	org.netbeans.modules.options.keymap [1.19.1 201207171143]
	org.netbeans.modules.masterfs/2 [2.38.1 201207171143]
	org.netbeans.libs.jna/1 [1.21.1 201207171143]
	org.netbeans.modules.masterfs.macosx [1.1.1 201207171143]
	org.netbeans.modules.keyring.impl [1.7.1 201207171143]
	org.netbeans.modules.favorites/1 [1.29.1 201207171143]
	org.netbeans.modules.editor.mimelookup.impl/1 [1.18.1 201207171143]
	org.netbeans.modules.autoupdate.services [1.33.1 201207171143]
	org.netbeans.core.ui/1 [1.31.1 201207171143]
	org.netbeans.modules.autoupdate.ui [1.27.1 201207171143]
	org.netbeans.libs.osgi [1.9.1 201207171143]
	org.netbeans.libs.felix [2.3.1 201207171143]
	org.netbeans.core.windows/2 [2.49.1 201207171143]
	org.netbeans.modules.core.kit [1.16.1 201207171143]
	org.netbeans.modules.applemenu/1 [1.24.1 201207171143]
	org.netbeans.core.output2/1 [1.26.1 201207171143]
	org.netbeans.core.netigso [1.16.1 201207171143]
	org.netbeans.core.nativeaccess/1 [1.16.1 201207171143]
	org.netbeans.core.io.ui/1 [1.16.1 201207171143]
	com.google.guava [13.0.1 13.0.1]
	javolution [5.5.1 5.5.1]
	org.dj.Listener [1.0 1.0-20121022 201210220831]
	org.dj.Filter [1.0 1.0-20121022 201210220831]
	org.dj.IDGenerator [1.0 1.0-20121022 201210220831]
	org.dj.Parameter [1.0 1.0-20121022 201210220831]
	org.dj.Property [1.0 1.0-20121022 201210220836]
	org.dj.DomainModel [1.0 1.0-20121023 201210231448]
	org.dj.Service [1.0 1.0-20121022 201210220831]
	org.dj.JOGL [1.0 1.0-20121022 201210221236]
	org.dj.WorldWind [1.0 1.0-20121022 201210221236]
	com.objectdb [2.4.4 2.4.4]
	com.jcraft.jsch [0.1.45 0.1.45]
	org.dj.Remote [1.0 1.0-20121022 201210220831]
	com.jcraft.jzlib [1.0.7 1.0.7]
	org.dj.FileUtilities [1.0 1.0-20121022 201210220831]
	org.dj.Executor [1.0 1.0-20121022 201210220831]
	org.dj.DB [1.0 1.0-20121022 201210221205]
	org.dj.WorldWindModel.Object [1.0 1.0-20121022 201210221544]
	org.dj.Lookup [1.0 1.0-20121022 201210220831]
	org.dj.Cookies [1.0 1.0-20121022 201210220831]
	org.dj.Editor [1.0 1.0-20121022 201210220831]
	org.dj.WorldWindModel.Globe [1.0 1.0-20121022 201210221545]
	org.dj.WorldWindModel.WorldWindow [1.0 1.0-20121022 201210221546]
	org.dj.WorldWindModel.Model [1.0 1.0-20121014 201210142355]
	org.dj.WorldWindModel.View [1.0 1.0-20121015 201210151055]
	org.dj.WorldWindModel.Render [1.0 1.0-20121022 201210221600]
	org.apache.commons.lang [2.4 2.4]
	org.dj.WorldWindModel.LocationService [1.0 1.0-20121022 201210221546]
	org.dj.WorldWindModel.GlobeViewer [1.0 1.0-20121022 201210221758]
	org.dj.SolarScape.branding [1.0 1.0-20121023 201210231440]
	org.dj.Icon [1.0 1.0-20121022 201210220831]
	org.dj.SolarScape.Data [1.0 1.0-20121023 201210231451]
	org.dj.SolarScape.Render [1.0 1.0-20121023 201210231431]
	org.dj.SolarScape.Globe [1.0 1.0-20121023 201210231431]
	org.dj.PropertySheetGenerator [1.0 1.0-20121022 201210220831]
	org.dj.Node [1.0 1.0-20121023 201210231448]
	org.dj.Explorer [1.0 1.0-20121022 201210220831]
	org.dj.DefaultEditor [1.0 1.0-20121022 201210220832]
	org.dj.SolarScape.Editor [1.0 1.0-20121023 201210231431]
INFO [org.netbeans.core.netigso.Netigso]: bundle org.apache.felix.framework@4.0.2 started
WARNING [org.netbeans.core.TimableEventQueue]: too much time in AWT thread org.netbeans.modules.sampler.InternalSampler@6175645a
Diagnostic information
Input arguments:
	-Djdk.home=/System/Library/Java/JavaVirtualMachines/1.6.0.jdk/Contents/Home
	-Dnetbeans.system_http_proxy=PAC
	http://wpad/wpad.dat
http://wpad/wpad.dat
http://wpad/wpad.dat
	-Dnetbeans.system_http_non_proxy_hosts=
	-Dnetbeans.dirs=/Users/djabry/NetBeansProjects/MavenProjects/SolarScape/application/target/solarscape/bin/../bin:/Users/djabry/NetBeansProjects/MavenProjects/SolarScape/application/target/solarscape/bin/../djmodel:/Users/djabry/NetBeansProjects/MavenProjects/SolarScape/application/target/solarscape/bin/../etc:/Users/djabry/NetBeansProjects/MavenProjects/SolarScape/application/target/solarscape/bin/../extra:/Users/djabry/NetBeansProjects/MavenProjects/SolarScape/application/target/solarscape/bin/../ide:/Users/djabry/NetBeansProjects/MavenProjects/SolarScape/application/target/solarscape/bin/../platform:/Users/djabry/NetBeansProjects/MavenProjects/SolarScape/application/target/solarscape/bin/../solarscape:/Users/djabry/NetBeansProjects/MavenProjects/SolarScape/application/target/solarscape/bin/../worldwind:/Users/djabry/NetBeansProjects/MavenProjects/SolarScape/application/target/solarscape/bin/../worldwindmodel:
	-Dnetbeans.home=/Users/djabry/NetBeansProjects/MavenProjects/SolarScape/application/target/solarscape/platform
	-Dcom.apple.mrj.application.apple.menu.about.name=solarscape
	-Xms128m
	-Xmx512m
	-Dnetbeans.logger.console=true
	-ea
	-XX:+HeapDumpOnOutOfMemoryError
	-XX:HeapDumpPath=/Users/djabry/NetBeansProjects/MavenProjects/SolarScape/application/target/userdir/var/log/heapdump.hprof
Compiler: HotSpot 64-Bit Tiered Compilers
Heap memory usage: initial 128.0MB maximum 507.9MB
Non heap memory usage: initial 23.2MB maximum 130.0MB
Garbage collector: ParNew (Collections=70 Total time spent=1s)
Garbage collector: ConcurrentMarkSweep (Collections=3 Total time spent=0s)
Classes: loaded=6873 total loaded=6873 unloaded 0
INFO [org.netbeans.core.ui.warmup.DiagnosticTask]: Total memory 4,294,967,296
INFO [null]: Total physical memory 4,294,967,296
WARNING [org.openide.filesystems.Ordering]: Not all children in Menu/Window/ marked with the position attribute: [org-dj-solarscape-editor-SolarScapeManagerEditorTopComponent.shadow, org-dj-solarscape-globe-SolarScapeGlobeTopComponent.shadow], but some are: [org-netbeans-modules-favorites-View.shadow, org-netbeans-core-windows-actions-GlobalPropertiesAction.shadow, Output, SwitchToRecentDocumentAction.shadow, ProgressListAction.shadow, Separator3.instance, ConfigureWindow, org-netbeans-core-windows-actions-ResetWindowsAction.shadow, Separator4.instance, CloseWindowAction.shadow, CloseAllDocumentsAction.shadow, CloseAllButThisAction.shadow, DocumentsAction.shadow]
INFO [org.netbeans.core.netigso.Netigso]: bundle org.apache.felix.framework@4.0.2 256
